2023-12-10 14:11:11.234  INFO [APP_NAME=demo-service-1, TRACE_ID=, SPAN_ID=] Starting Demo1Application using Java 21.0.1 with PID 13677 (/Users/laxuanlinh/Projects/distributed-tracing/demo1/target/classes started by laxuanlinh in /Users/laxuanlinh/Projects/distributed-tracing/demo1)
2023-12-10 14:11:11.236  INFO [APP_NAME=demo-service-1, TRACE_ID=, SPAN_ID=] No active profile set, falling back to 1 default profile: "default"
2023-12-10 14:11:11.852  INFO [APP_NAME=demo-service-1, TRACE_ID=, SPAN_ID=] Tomcat initialized with port 8080 (http)
2023-12-10 14:11:11.856  INFO [APP_NAME=demo-service-1, TRACE_ID=, SPAN_ID=] Starting service [Tomcat]
2023-12-10 14:11:11.856  INFO [APP_NAME=demo-service-1, TRACE_ID=, SPAN_ID=] Starting Servlet engine: [Apache Tomcat/10.1.16]
2023-12-10 14:11:11.879  INFO [APP_NAME=demo-service-1, TRACE_ID=, SPAN_ID=] Initializing Spring embedded WebApplicationContext
2023-12-10 14:11:11.879  INFO [APP_NAME=demo-service-1, TRACE_ID=, SPAN_ID=] Root WebApplicationContext: initialization completed in 615 ms
2023-12-10 14:11:12.183  INFO [APP_NAME=demo-service-1, TRACE_ID=, SPAN_ID=] Exposing 1 endpoint(s) beneath base path '/actuator'
2023-12-10 14:11:12.214  INFO [APP_NAME=demo-service-1, TRACE_ID=, SPAN_ID=] Tomcat started on port 8080 (http) with context path ''
2023-12-10 14:11:12.226  INFO [APP_NAME=demo-service-1, TRACE_ID=, SPAN_ID=] Started Demo1Application in 1.284 seconds (process running for 1.515)
2023-12-10 14:11:24.582  INFO [APP_NAME=demo-service-1, TRACE_ID=, SPAN_ID=] Initializing Spring DispatcherServlet 'dispatcherServlet'
2023-12-10 14:11:24.582  INFO [APP_NAME=demo-service-1, TRACE_ID=, SPAN_ID=] Initializing Servlet 'dispatcherServlet'
2023-12-10 14:11:24.583  INFO [APP_NAME=demo-service-1, TRACE_ID=, SPAN_ID=] Completed initialization in 1 ms
2023-12-10 14:11:24.603  INFO [APP_NAME=demo-service-1, TRACE_ID=6575568c846afee441e74381f351cd04, SPAN_ID=41e74381f351cd04] Sending request to service Demo 2
2023-12-10 14:12:15.781  INFO [APP_NAME=demo-service-1, TRACE_ID=, SPAN_ID=] Starting Demo1Application using Java 21.0.1 with PID 13692 (/Users/laxuanlinh/Projects/distributed-tracing/demo1/target/classes started by laxuanlinh in /Users/laxuanlinh/Projects/distributed-tracing/demo1)
2023-12-10 14:12:15.782  INFO [APP_NAME=demo-service-1, TRACE_ID=, SPAN_ID=] No active profile set, falling back to 1 default profile: "default"
2023-12-10 14:12:16.403  INFO [APP_NAME=demo-service-1, TRACE_ID=, SPAN_ID=] Tomcat initialized with port 8080 (http)
2023-12-10 14:12:16.407  INFO [APP_NAME=demo-service-1, TRACE_ID=, SPAN_ID=] Starting service [Tomcat]
2023-12-10 14:12:16.408  INFO [APP_NAME=demo-service-1, TRACE_ID=, SPAN_ID=] Starting Servlet engine: [Apache Tomcat/10.1.16]
2023-12-10 14:12:16.428  INFO [APP_NAME=demo-service-1, TRACE_ID=, SPAN_ID=] Initializing Spring embedded WebApplicationContext
2023-12-10 14:12:16.429  INFO [APP_NAME=demo-service-1, TRACE_ID=, SPAN_ID=] Root WebApplicationContext: initialization completed in 622 ms
2023-12-10 14:12:16.732  INFO [APP_NAME=demo-service-1, TRACE_ID=, SPAN_ID=] Exposing 1 endpoint(s) beneath base path '/actuator'
2023-12-10 14:12:16.765  INFO [APP_NAME=demo-service-1, TRACE_ID=, SPAN_ID=] Tomcat started on port 8080 (http) with context path ''
2023-12-10 14:12:16.774  INFO [APP_NAME=demo-service-1, TRACE_ID=, SPAN_ID=] Started Demo1Application in 1.284 seconds (process running for 1.506)
2023-12-10 14:12:21.992  INFO [APP_NAME=demo-service-1, TRACE_ID=, SPAN_ID=] Initializing Spring DispatcherServlet 'dispatcherServlet'
2023-12-10 14:12:21.993  INFO [APP_NAME=demo-service-1, TRACE_ID=, SPAN_ID=] Initializing Servlet 'dispatcherServlet'
2023-12-10 14:12:21.994  INFO [APP_NAME=demo-service-1, TRACE_ID=, SPAN_ID=] Completed initialization in 1 ms
2023-12-10 14:12:22.015  INFO [APP_NAME=demo-service-1, TRACE_ID=657556c6609279dca934c069b9482c33, SPAN_ID=a934c069b9482c33] Sending request to service Demo 2
