2023-12-10 13:58:17,662 ERROR org.springframework.boot.SpringApplication [main] Application run failed
java.lang.IllegalStateException: java.lang.IllegalStateException: Logback configuration error detected: 
ERROR in ch.qos.logback.classic.pattern.ClassOfCallerConverter@5b67bb7e - failed to parse integer string [1.] java.lang.NumberFormatException: For input string: "1."
ERROR in ch.qos.logback.classic.pattern.ClassOfCallerConverter@609db546 - failed to parse integer string [1.] java.lang.NumberFormatException: For input string: "1."
	at org.springframework.boot.context.logging.LoggingApplicationListener.initializeSystem(LoggingApplicationListener.java:347)
	at org.springframework.boot.context.logging.LoggingApplicationListener.initialize(LoggingApplicationListener.java:298)
	at org.springframework.boot.context.logging.LoggingApplicationListener.onApplicationEnvironmentPreparedEvent(LoggingApplicationListener.java:246)
	at org.springframework.boot.context.logging.LoggingApplicationListener.onApplicationEvent(LoggingApplicationListener.java:223)
	at org.springframework.context.event.SimpleApplicationEventMulticaster.doInvokeListener(SimpleApplicationEventMulticaster.java:178)
	at org.springframework.context.event.SimpleApplicationEventMulticaster.invokeListener(SimpleApplicationEventMulticaster.java:171)
	at org.springframework.context.event.SimpleApplicationEventMulticaster.multicastEvent(SimpleApplicationEventMulticaster.java:149)
	at org.springframework.context.event.SimpleApplicationEventMulticaster.multicastEvent(SimpleApplicationEventMulticaster.java:137)
	at org.springframework.boot.context.event.EventPublishingRunListener.multicastInitialEvent(EventPublishingRunListener.java:136)
	at org.springframework.boot.context.event.EventPublishingRunListener.environmentPrepared(EventPublishingRunListener.java:81)
	at org.springframework.boot.SpringApplicationRunListeners.lambda$environmentPrepared$2(SpringApplicationRunListeners.java:64)
	at java.base/java.lang.Iterable.forEach(Iterable.java:75)
	at org.springframework.boot.SpringApplicationRunListeners.doWithListeners(SpringApplicationRunListeners.java:118)
	at org.springframework.boot.SpringApplicationRunListeners.doWithListeners(SpringApplicationRunListeners.java:112)
	at org.springframework.boot.SpringApplicationRunListeners.environmentPrepared(SpringApplicationRunListeners.java:63)
	at org.springframework.boot.SpringApplication.prepareEnvironment(SpringApplication.java:366)
	at org.springframework.boot.SpringApplication.run(SpringApplication.java:318)
	at org.springframework.boot.SpringApplication.run(SpringApplication.java:1342)
	at org.springframework.boot.SpringApplication.run(SpringApplication.java:1331)
	at com.distributed.demo2.Demo2Application.main(Demo2Application.java:10)
Caused by: java.lang.IllegalStateException: Logback configuration error detected: 
ERROR in ch.qos.logback.classic.pattern.ClassOfCallerConverter@5b67bb7e - failed to parse integer string [1.] java.lang.NumberFormatException: For input string: "1."
ERROR in ch.qos.logback.classic.pattern.ClassOfCallerConverter@609db546 - failed to parse integer string [1.] java.lang.NumberFormatException: For input string: "1."
	at org.springframework.boot.logging.logback.LogbackLoggingSystem.reportConfigurationErrorsIfNecessary(LogbackLoggingSystem.java:277)
	at org.springframework.boot.logging.logback.LogbackLoggingSystem.loadConfiguration(LogbackLoggingSystem.java:255)
	at org.springframework.boot.logging.AbstractLoggingSystem.initializeWithConventions(AbstractLoggingSystem.java:81)
	at org.springframework.boot.logging.AbstractLoggingSystem.initialize(AbstractLoggingSystem.java:61)
	at org.springframework.boot.logging.logback.LogbackLoggingSystem.initialize(LogbackLoggingSystem.java:189)
	at org.springframework.boot.context.logging.LoggingApplicationListener.initializeSystem(LoggingApplicationListener.java:332)
	... 19 common frames omitted
	Suppressed: java.lang.NumberFormatException: For input string: "1."
		at java.base/java.lang.NumberFormatException.forInputString(NumberFormatException.java:67)
		at java.base/java.lang.Integer.parseInt(Integer.java:661)
		at java.base/java.lang.Integer.parseInt(Integer.java:777)
		at ch.qos.logback.classic.pattern.NamedConverter.start(NamedConverter.java:92)
		at ch.qos.logback.core.pattern.ConverterUtil.startConverters(ConverterUtil.java:37)
		at ch.qos.logback.core.pattern.ConverterUtil.startConverters(ConverterUtil.java:33)
		at ch.qos.logback.core.pattern.PatternLayoutBase.start(PatternLayoutBase.java:90)
		at ch.qos.logback.core.model.processor.ImplicitModelHandler.postHandleComplex(ImplicitModelHandler.java:208)
		at ch.qos.logback.core.model.processor.ImplicitModelHandler.postHandle(ImplicitModelHandler.java:186)
		at ch.qos.logback.core.model.processor.DefaultProcessor.secondPhaseTraverse(DefaultProcessor.java:257)
		at ch.qos.logback.core.model.processor.DefaultProcessor.secondPhaseTraverse(DefaultProcessor.java:253)
		at ch.qos.logback.core.model.processor.DefaultProcessor.secondPhaseTraverse(DefaultProcessor.java:253)
		at ch.qos.logback.core.model.processor.DefaultProcessor.traversalLoop(DefaultProcessor.java:90)
		at ch.qos.logback.core.model.processor.DefaultProcessor.process(DefaultProcessor.java:106)
		at ch.qos.logback.core.joran.GenericXMLConfigurator.processModel(GenericXMLConfigurator.java:208)
		at org.springframework.boot.logging.logback.SpringBootJoranConfigurator.processModel(SpringBootJoranConfigurator.java:122)
		at ch.qos.logback.core.joran.GenericXMLConfigurator.doConfigure(GenericXMLConfigurator.java:170)
		at ch.qos.logback.core.joran.GenericXMLConfigurator.doConfigure(GenericXMLConfigurator.java:122)
		at ch.qos.logback.core.joran.GenericXMLConfigurator.doConfigure(GenericXMLConfigurator.java:65)
		at org.springframework.boot.logging.logback.LogbackLoggingSystem.configureByResourceUrl(LogbackLoggingSystem.java:287)
		at org.springframework.boot.logging.logback.LogbackLoggingSystem.lambda$loadConfiguration$1(LogbackLoggingSystem.java:249)
		at org.springframework.boot.logging.logback.LogbackLoggingSystem.withLoggingSuppressed(LogbackLoggingSystem.java:467)
		at org.springframework.boot.logging.logback.LogbackLoggingSystem.loadConfiguration(LogbackLoggingSystem.java:244)
		... 23 common frames omitted
	Suppressed: java.lang.NumberFormatException: For input string: "1."
		at java.base/java.lang.NumberFormatException.forInputString(NumberFormatException.java:67)
		at java.base/java.lang.Integer.parseInt(Integer.java:661)
		at java.base/java.lang.Integer.parseInt(Integer.java:777)
		at ch.qos.logback.classic.pattern.NamedConverter.start(NamedConverter.java:92)
		at ch.qos.logback.core.pattern.ConverterUtil.startConverters(ConverterUtil.java:37)
		at ch.qos.logback.core.pattern.PatternLayoutBase.start(PatternLayoutBase.java:90)
		at ch.qos.logback.classic.encoder.PatternLayoutEncoder.start(PatternLayoutEncoder.java:28)
		at ch.qos.logback.core.model.processor.ImplicitModelHandler.postHandleComplex(ImplicitModelHandler.java:208)
		at ch.qos.logback.core.model.processor.ImplicitModelHandler.postHandle(ImplicitModelHandler.java:186)
		at ch.qos.logback.core.model.processor.DefaultProcessor.secondPhaseTraverse(DefaultProcessor.java:257)
		at ch.qos.logback.core.model.processor.DefaultProcessor.secondPhaseTraverse(DefaultProcessor.java:253)
		at ch.qos.logback.core.model.processor.DefaultProcessor.secondPhaseTraverse(DefaultProcessor.java:253)
		at ch.qos.logback.core.model.processor.DefaultProcessor.traversalLoop(DefaultProcessor.java:90)
		at ch.qos.logback.core.model.processor.DefaultProcessor.process(DefaultProcessor.java:106)
		at ch.qos.logback.core.joran.GenericXMLConfigurator.processModel(GenericXMLConfigurator.java:208)
		at org.springframework.boot.logging.logback.SpringBootJoranConfigurator.processModel(SpringBootJoranConfigurator.java:122)
		at ch.qos.logback.core.joran.GenericXMLConfigurator.doConfigure(GenericXMLConfigurator.java:170)
		at ch.qos.logback.core.joran.GenericXMLConfigurator.doConfigure(GenericXMLConfigurator.java:122)
		at ch.qos.logback.core.joran.GenericXMLConfigurator.doConfigure(GenericXMLConfigurator.java:65)
		at org.springframework.boot.logging.logback.LogbackLoggingSystem.configureByResourceUrl(LogbackLoggingSystem.java:287)
		at org.springframework.boot.logging.logback.LogbackLoggingSystem.lambda$loadConfiguration$1(LogbackLoggingSystem.java:249)
		at org.springframework.boot.logging.logback.LogbackLoggingSystem.withLoggingSuppressed(LogbackLoggingSystem.java:467)
		at org.springframework.boot.logging.logback.LogbackLoggingSystem.loadConfiguration(LogbackLoggingSystem.java:244)
		... 23 common frames omitted
2023-12-10 14:05:07,886 ERROR org.springframework.boot.SpringApplication [main] Application run failed
java.lang.IllegalStateException: java.lang.IllegalStateException: Logback configuration error detected: 
ERROR in ch.qos.logback.classic.PatternLayout("null") - Empty or null pattern.
ERROR in ch.qos.logback.classic.pattern.ClassOfCallerConverter@59cba5a - failed to parse integer string [1.] java.lang.NumberFormatException: For input string: "1."
	at org.springframework.boot.context.logging.LoggingApplicationListener.initializeSystem(LoggingApplicationListener.java:347)
	at org.springframework.boot.context.logging.LoggingApplicationListener.initialize(LoggingApplicationListener.java:298)
	at org.springframework.boot.context.logging.LoggingApplicationListener.onApplicationEnvironmentPreparedEvent(LoggingApplicationListener.java:246)
	at org.springframework.boot.context.logging.LoggingApplicationListener.onApplicationEvent(LoggingApplicationListener.java:223)
	at org.springframework.context.event.SimpleApplicationEventMulticaster.doInvokeListener(SimpleApplicationEventMulticaster.java:178)
	at org.springframework.context.event.SimpleApplicationEventMulticaster.invokeListener(SimpleApplicationEventMulticaster.java:171)
	at org.springframework.context.event.SimpleApplicationEventMulticaster.multicastEvent(SimpleApplicationEventMulticaster.java:149)
	at org.springframework.context.event.SimpleApplicationEventMulticaster.multicastEvent(SimpleApplicationEventMulticaster.java:137)
	at org.springframework.boot.context.event.EventPublishingRunListener.multicastInitialEvent(EventPublishingRunListener.java:136)
	at org.springframework.boot.context.event.EventPublishingRunListener.environmentPrepared(EventPublishingRunListener.java:81)
	at org.springframework.boot.SpringApplicationRunListeners.lambda$environmentPrepared$2(SpringApplicationRunListeners.java:64)
	at java.base/java.lang.Iterable.forEach(Iterable.java:75)
	at org.springframework.boot.SpringApplicationRunListeners.doWithListeners(SpringApplicationRunListeners.java:118)
	at org.springframework.boot.SpringApplicationRunListeners.doWithListeners(SpringApplicationRunListeners.java:112)
	at org.springframework.boot.SpringApplicationRunListeners.environmentPrepared(SpringApplicationRunListeners.java:63)
	at org.springframework.boot.SpringApplication.prepareEnvironment(SpringApplication.java:366)
	at org.springframework.boot.SpringApplication.run(SpringApplication.java:318)
	at org.springframework.boot.SpringApplication.run(SpringApplication.java:1342)
	at org.springframework.boot.SpringApplication.run(SpringApplication.java:1331)
	at com.distributed.demo2.Demo2Application.main(Demo2Application.java:10)
Caused by: java.lang.IllegalStateException: Logback configuration error detected: 
ERROR in ch.qos.logback.classic.PatternLayout("null") - Empty or null pattern.
ERROR in ch.qos.logback.classic.pattern.ClassOfCallerConverter@59cba5a - failed to parse integer string [1.] java.lang.NumberFormatException: For input string: "1."
	at org.springframework.boot.logging.logback.LogbackLoggingSystem.reportConfigurationErrorsIfNecessary(LogbackLoggingSystem.java:277)
	at org.springframework.boot.logging.logback.LogbackLoggingSystem.loadConfiguration(LogbackLoggingSystem.java:255)
	at org.springframework.boot.logging.AbstractLoggingSystem.initializeWithConventions(AbstractLoggingSystem.java:81)
	at org.springframework.boot.logging.AbstractLoggingSystem.initialize(AbstractLoggingSystem.java:61)
	at org.springframework.boot.logging.logback.LogbackLoggingSystem.initialize(LogbackLoggingSystem.java:189)
	at org.springframework.boot.context.logging.LoggingApplicationListener.initializeSystem(LoggingApplicationListener.java:332)
	... 19 common frames omitted
	Suppressed: java.lang.NumberFormatException: For input string: "1."
		at java.base/java.lang.NumberFormatException.forInputString(NumberFormatException.java:67)
		at java.base/java.lang.Integer.parseInt(Integer.java:661)
		at java.base/java.lang.Integer.parseInt(Integer.java:777)
		at ch.qos.logback.classic.pattern.NamedConverter.start(NamedConverter.java:92)
		at ch.qos.logback.core.pattern.ConverterUtil.startConverters(ConverterUtil.java:37)
		at ch.qos.logback.core.pattern.PatternLayoutBase.start(PatternLayoutBase.java:90)
		at ch.qos.logback.classic.encoder.PatternLayoutEncoder.start(PatternLayoutEncoder.java:28)
		at ch.qos.logback.core.model.processor.ImplicitModelHandler.postHandleComplex(ImplicitModelHandler.java:208)
		at ch.qos.logback.core.model.processor.ImplicitModelHandler.postHandle(ImplicitModelHandler.java:186)
		at ch.qos.logback.core.model.processor.DefaultProcessor.secondPhaseTraverse(DefaultProcessor.java:257)
		at ch.qos.logback.core.model.processor.DefaultProcessor.secondPhaseTraverse(DefaultProcessor.java:253)
		at ch.qos.logback.core.model.processor.DefaultProcessor.secondPhaseTraverse(DefaultProcessor.java:253)
		at ch.qos.logback.core.model.processor.DefaultProcessor.traversalLoop(DefaultProcessor.java:90)
		at ch.qos.logback.core.model.processor.DefaultProcessor.process(DefaultProcessor.java:106)
		at ch.qos.logback.core.joran.GenericXMLConfigurator.processModel(GenericXMLConfigurator.java:208)
		at org.springframework.boot.logging.logback.SpringBootJoranConfigurator.processModel(SpringBootJoranConfigurator.java:122)
		at ch.qos.logback.core.joran.GenericXMLConfigurator.doConfigure(GenericXMLConfigurator.java:170)
		at ch.qos.logback.core.joran.GenericXMLConfigurator.doConfigure(GenericXMLConfigurator.java:122)
		at ch.qos.logback.core.joran.GenericXMLConfigurator.doConfigure(GenericXMLConfigurator.java:65)
		at org.springframework.boot.logging.logback.LogbackLoggingSystem.configureByResourceUrl(LogbackLoggingSystem.java:287)
		at org.springframework.boot.logging.logback.LogbackLoggingSystem.lambda$loadConfiguration$1(LogbackLoggingSystem.java:249)
		at org.springframework.boot.logging.logback.LogbackLoggingSystem.withLoggingSuppressed(LogbackLoggingSystem.java:467)
		at org.springframework.boot.logging.logback.LogbackLoggingSystem.loadConfiguration(LogbackLoggingSystem.java:244)
		... 23 common frames omitted
2023-12-10 14:06:28.942  INFO [tracing-demo2-service,] Starting Demo2Application using Java 21.0.1 with PID 13623 (/Users/laxuanlinh/Projects/distributed-tracing/demo2/target/classes started by laxuanlinh in /Users/laxuanlinh/Projects/distributed-tracing/demo2)
2023-12-10 14:06:28.943  INFO [tracing-demo2-service,] No active profile set, falling back to 1 default profile: "default"
2023-12-10 14:06:29.598  INFO [tracing-demo2-service,] Tomcat initialized with port 8081 (http)
2023-12-10 14:06:29.601  INFO [tracing-demo2-service,] Starting service [Tomcat]
2023-12-10 14:06:29.602  INFO [tracing-demo2-service,] Starting Servlet engine: [Apache Tomcat/10.1.16]
2023-12-10 14:06:29.626  INFO [tracing-demo2-service,] Initializing Spring embedded WebApplicationContext
2023-12-10 14:06:29.626  INFO [tracing-demo2-service,] Root WebApplicationContext: initialization completed in 661 ms
2023-12-10 14:06:29.952  INFO [tracing-demo2-service,] Exposing 1 endpoint(s) beneath base path '/actuator'
2023-12-10 14:06:29.982  INFO [tracing-demo2-service,] Tomcat started on port 8081 (http) with context path ''
2023-12-10 14:06:29.996  INFO [tracing-demo2-service,] Started Demo2Application in 1.369 seconds (process running for 1.596)
2023-12-10 14:06:35.563  INFO [tracing-demo2-service,] Initializing Spring DispatcherServlet 'dispatcherServlet'
2023-12-10 14:06:35.563  INFO [tracing-demo2-service,] Initializing Servlet 'dispatcherServlet'
2023-12-10 14:06:35.564  INFO [tracing-demo2-service,] Completed initialization in 1 ms
2023-12-10 14:06:35.582  INFO [tracing-demo2-service,] Receiving request
2023-12-10 14:07:01.270  INFO [,] Starting Demo2Application using Java 21.0.1 with PID 13629 (/Users/laxuanlinh/Projects/distributed-tracing/demo2/target/classes started by laxuanlinh in /Users/laxuanlinh/Projects/distributed-tracing/demo2)
2023-12-10 14:07:01.271  INFO [,] No active profile set, falling back to 1 default profile: "default"
2023-12-10 14:07:01.935  INFO [,] Tomcat initialized with port 8081 (http)
2023-12-10 14:07:01.938  INFO [,] Starting service [Tomcat]
2023-12-10 14:07:01.939  INFO [,] Starting Servlet engine: [Apache Tomcat/10.1.16]
2023-12-10 14:07:01.962  INFO [,] Initializing Spring embedded WebApplicationContext
2023-12-10 14:07:01.963  INFO [,] Root WebApplicationContext: initialization completed in 669 ms
2023-12-10 14:07:02.292  INFO [,] Exposing 1 endpoint(s) beneath base path '/actuator'
2023-12-10 14:07:02.327  INFO [,] Tomcat started on port 8081 (http) with context path ''
2023-12-10 14:07:02.342  INFO [,] Started Demo2Application in 1.397 seconds (process running for 1.624)
2023-12-10 14:07:08.690  INFO [,] Initializing Spring DispatcherServlet 'dispatcherServlet'
2023-12-10 14:07:08.690  INFO [,] Initializing Servlet 'dispatcherServlet'
2023-12-10 14:07:08.691  INFO [,] Completed initialization in 1 ms
2023-12-10 14:07:08.709  INFO [6575558cff497195c9becf0ec49b795f,a8b919ba07dab550] Receiving request
${CONSOLE_LOG_PATTERN}java.lang.IllegalStateException: java.lang.IllegalStateException: Logback configuration error detected: 
ERROR in ch.qos.logback.core.model.processor.ModelInterpretationContext@3081f72c - Problem while parsing [%d{yyyy-MM-dd HH:mm:ss.SSS} %5p [APP_NAME=${spring.application.name:}, TRACE_ID=%X{traceId:-}, SPAN_ID=%X{spanId:-}] %m%n] java.lang.IllegalArgumentException: All tokens consumed but was expecting "}"
ERROR in ch.qos.logback.core.model.processor.ModelInterpretationContext@3081f72c - Problem while parsing [${CONSOLE_LOG_PATTERN}] java.lang.IllegalArgumentException: All tokens consumed but was expecting "}"
ERROR in ch.qos.logback.core.model.processor.ModelInterpretationContext@3081f72c - Problem while parsing [${CONSOLE_LOG_PATTERN}] java.lang.IllegalArgumentException: All tokens consumed but was expecting "}"
	at org.springframework.boot.context.logging.LoggingApplicationListener.initializeSystem(LoggingApplicationListener.java:347)
	at org.springframework.boot.context.logging.LoggingApplicationListener.initialize(LoggingApplicationListener.java:298)
	at org.springframework.boot.context.logging.LoggingApplicationListener.onApplicationEnvironmentPreparedEvent(LoggingApplicationListener.java:246)
	at org.springframework.boot.context.logging.LoggingApplicationListener.onApplicationEvent(LoggingApplicationListener.java:223)
	at org.springframework.context.event.SimpleApplicationEventMulticaster.doInvokeListener(SimpleApplicationEventMulticaster.java:178)
	at org.springframework.context.event.SimpleApplicationEventMulticaster.invokeListener(SimpleApplicationEventMulticaster.java:171)
	at org.springframework.context.event.SimpleApplicationEventMulticaster.multicastEvent(SimpleApplicationEventMulticaster.java:149)
	at org.springframework.context.event.SimpleApplicationEventMulticaster.multicastEvent(SimpleApplicationEventMulticaster.java:137)
	at org.springframework.boot.context.event.EventPublishingRunListener.multicastInitialEvent(EventPublishingRunListener.java:136)
	at org.springframework.boot.context.event.EventPublishingRunListener.environmentPrepared(EventPublishingRunListener.java:81)
	at org.springframework.boot.SpringApplicationRunListeners.lambda$environmentPrepared$2(SpringApplicationRunListeners.java:64)
	at java.base/java.lang.Iterable.forEach(Iterable.java:75)
	at org.springframework.boot.SpringApplicationRunListeners.doWithListeners(SpringApplicationRunListeners.java:118)
	at org.springframework.boot.SpringApplicationRunListeners.doWithListeners(SpringApplicationRunListeners.java:112)
	at org.springframework.boot.SpringApplicationRunListeners.environmentPrepared(SpringApplicationRunListeners.java:63)
	at org.springframework.boot.SpringApplication.prepareEnvironment(SpringApplication.java:366)
	at org.springframework.boot.SpringApplication.run(SpringApplication.java:318)
	at org.springframework.boot.SpringApplication.run(SpringApplication.java:1342)
	at org.springframework.boot.SpringApplication.run(SpringApplication.java:1331)
	at com.distributed.demo2.Demo2Application.main(Demo2Application.java:10)
Caused by: java.lang.IllegalStateException: Logback configuration error detected: 
ERROR in ch.qos.logback.core.model.processor.ModelInterpretationContext@3081f72c - Problem while parsing [%d{yyyy-MM-dd HH:mm:ss.SSS} %5p [APP_NAME=${spring.application.name:}, TRACE_ID=%X{traceId:-}, SPAN_ID=%X{spanId:-}] %m%n] java.lang.IllegalArgumentException: All tokens consumed but was expecting "}"
ERROR in ch.qos.logback.core.model.processor.ModelInterpretationContext@3081f72c - Problem while parsing [${CONSOLE_LOG_PATTERN}] java.lang.IllegalArgumentException: All tokens consumed but was expecting "}"
ERROR in ch.qos.logback.core.model.processor.ModelInterpretationContext@3081f72c - Problem while parsing [${CONSOLE_LOG_PATTERN}] java.lang.IllegalArgumentException: All tokens consumed but was expecting "}"
	at org.springframework.boot.logging.logback.LogbackLoggingSystem.reportConfigurationErrorsIfNecessary(LogbackLoggingSystem.java:277)
	at org.springframework.boot.logging.logback.LogbackLoggingSystem.loadConfiguration(LogbackLoggingSystem.java:255)
	at org.springframework.boot.logging.AbstractLoggingSystem.initializeWithConventions(AbstractLoggingSystem.java:81)
	at org.springframework.boot.logging.AbstractLoggingSystem.initialize(AbstractLoggingSystem.java:61)
	at org.springframework.boot.logging.logback.LogbackLoggingSystem.initialize(LogbackLoggingSystem.java:189)
	at org.springframework.boot.context.logging.LoggingApplicationListener.initializeSystem(LoggingApplicationListener.java:332)
	... 19 common frames omitted
	Suppressed: java.lang.IllegalArgumentException: All tokens consumed but was expecting "}"
		at ch.qos.logback.core.subst.Parser.expectNotNull(Parser.java:160)
		at ch.qos.logback.core.subst.Parser.expectCurlyRight(Parser.java:165)
		at ch.qos.logback.core.subst.Parser.T(Parser.java:103)
		at ch.qos.logback.core.subst.Parser.E(Parser.java:58)
		at ch.qos.logback.core.subst.Parser.Eopt(Parser.java:75)
		at ch.qos.logback.core.subst.Parser.E(Parser.java:62)
		at ch.qos.logback.core.subst.Parser.Eopt(Parser.java:75)
		at ch.qos.logback.core.subst.Parser.E(Parser.java:62)
		at ch.qos.logback.core.subst.Parser.Eopt(Parser.java:75)
		at ch.qos.logback.core.subst.Parser.E(Parser.java:62)
		at ch.qos.logback.core.subst.Parser.parse(Parser.java:54)
		at ch.qos.logback.core.subst.NodeToStringTransformer.tokenizeAndParseString(NodeToStringTransformer.java:59)
		at ch.qos.logback.core.subst.NodeToStringTransformer.substituteVariable(NodeToStringTransformer.java:50)
		at ch.qos.logback.core.util.OptionHelper.substVars(OptionHelper.java:112)
		at ch.qos.logback.core.model.processor.ModelInterpretationContext.subst(ModelInterpretationContext.java:158)
		at ch.qos.logback.core.model.processor.PropertyModelHandler.handle(PropertyModelHandler.java:76)
		at ch.qos.logback.core.model.processor.DefaultProcessor.mainTraverse(DefaultProcessor.java:203)
		at ch.qos.logback.core.model.processor.DefaultProcessor.mainTraverse(DefaultProcessor.java:211)
		at ch.qos.logback.core.model.processor.DefaultProcessor.process(DefaultProcessor.java:104)
		at ch.qos.logback.core.joran.GenericXMLConfigurator.processModel(GenericXMLConfigurator.java:208)
		at org.springframework.boot.logging.logback.SpringBootJoranConfigurator.processModel(SpringBootJoranConfigurator.java:122)
		at ch.qos.logback.core.joran.GenericXMLConfigurator.doConfigure(GenericXMLConfigurator.java:170)
		at ch.qos.logback.core.joran.GenericXMLConfigurator.doConfigure(GenericXMLConfigurator.java:122)
		at ch.qos.logback.core.joran.GenericXMLConfigurator.doConfigure(GenericXMLConfigurator.java:65)
		at org.springframework.boot.logging.logback.LogbackLoggingSystem.configureByResourceUrl(LogbackLoggingSystem.java:287)
		at org.springframework.boot.logging.logback.LogbackLoggingSystem.lambda$loadConfiguration$1(LogbackLoggingSystem.java:249)
		at org.springframework.boot.logging.logback.LogbackLoggingSystem.withLoggingSuppressed(LogbackLoggingSystem.java:467)
		at org.springframework.boot.logging.logback.LogbackLoggingSystem.loadConfiguration(LogbackLoggingSystem.java:244)
		... 23 common frames omitted
	Suppressed: java.lang.IllegalArgumentException: All tokens consumed but was expecting "}"
		at ch.qos.logback.core.subst.Parser.expectNotNull(Parser.java:160)
		at ch.qos.logback.core.subst.Parser.expectCurlyRight(Parser.java:165)
		at ch.qos.logback.core.subst.Parser.T(Parser.java:103)
		at ch.qos.logback.core.subst.Parser.E(Parser.java:58)
		at ch.qos.logback.core.subst.Parser.Eopt(Parser.java:75)
		at ch.qos.logback.core.subst.Parser.E(Parser.java:62)
		at ch.qos.logback.core.subst.Parser.Eopt(Parser.java:75)
		at ch.qos.logback.core.subst.Parser.E(Parser.java:62)
		at ch.qos.logback.core.subst.Parser.Eopt(Parser.java:75)
		at ch.qos.logback.core.subst.Parser.E(Parser.java:62)
		at ch.qos.logback.core.subst.Parser.parse(Parser.java:54)
		at ch.qos.logback.core.subst.NodeToStringTransformer.tokenizeAndParseString(NodeToStringTransformer.java:59)
		at ch.qos.logback.core.subst.NodeToStringTransformer.handleVariable(NodeToStringTransformer.java:102)
		at ch.qos.logback.core.subst.NodeToStringTransformer.compileNode(NodeToStringTransformer.java:77)
		at ch.qos.logback.core.subst.NodeToStringTransformer.transform(NodeToStringTransformer.java:64)
		at ch.qos.logback.core.subst.NodeToStringTransformer.substituteVariable(NodeToStringTransformer.java:52)
		at ch.qos.logback.core.util.OptionHelper.substVars(OptionHelper.java:112)
		at ch.qos.logback.core.model.processor.ModelInterpretationContext.subst(ModelInterpretationContext.java:158)
		at ch.qos.logback.core.model.processor.ImplicitModelHandler.doBasicProperty(ImplicitModelHandler.java:105)
		at ch.qos.logback.core.model.processor.ImplicitModelHandler.handle(ImplicitModelHandler.java:86)
		at ch.qos.logback.core.model.processor.DefaultProcessor.secondPhaseTraverse(DefaultProcessor.java:241)
		at ch.qos.logback.core.model.processor.DefaultProcessor.secondPhaseTraverse(DefaultProcessor.java:253)
		at ch.qos.logback.core.model.processor.DefaultProcessor.secondPhaseTraverse(DefaultProcessor.java:253)
		at ch.qos.logback.core.model.processor.DefaultProcessor.secondPhaseTraverse(DefaultProcessor.java:253)
		at ch.qos.logback.core.model.processor.DefaultProcessor.traversalLoop(DefaultProcessor.java:90)
		at ch.qos.logback.core.model.processor.DefaultProcessor.process(DefaultProcessor.java:106)
		at ch.qos.logback.core.joran.GenericXMLConfigurator.processModel(GenericXMLConfigurator.java:208)
		at org.springframework.boot.logging.logback.SpringBootJoranConfigurator.processModel(SpringBootJoranConfigurator.java:122)
		at ch.qos.logback.core.joran.GenericXMLConfigurator.doConfigure(GenericXMLConfigurator.java:170)
		at ch.qos.logback.core.joran.GenericXMLConfigurator.doConfigure(GenericXMLConfigurator.java:122)
		at ch.qos.logback.core.joran.GenericXMLConfigurator.doConfigure(GenericXMLConfigurator.java:65)
		at org.springframework.boot.logging.logback.LogbackLoggingSystem.configureByResourceUrl(LogbackLoggingSystem.java:287)
		at org.springframework.boot.logging.logback.LogbackLoggingSystem.lambda$loadConfiguration$1(LogbackLoggingSystem.java:249)
		at org.springframework.boot.logging.logback.LogbackLoggingSystem.withLoggingSuppressed(LogbackLoggingSystem.java:467)
		at org.springframework.boot.logging.logback.LogbackLoggingSystem.loadConfiguration(LogbackLoggingSystem.java:244)
		... 23 common frames omitted
	Suppressed: java.lang.IllegalArgumentException: All tokens consumed but was expecting "}"
		at ch.qos.logback.core.subst.Parser.expectNotNull(Parser.java:160)
		at ch.qos.logback.core.subst.Parser.expectCurlyRight(Parser.java:165)
		at ch.qos.logback.core.subst.Parser.T(Parser.java:103)
		at ch.qos.logback.core.subst.Parser.E(Parser.java:58)
		at ch.qos.logback.core.subst.Parser.Eopt(Parser.java:75)
		at ch.qos.logback.core.subst.Parser.E(Parser.java:62)
		at ch.qos.logback.core.subst.Parser.Eopt(Parser.java:75)
		at ch.qos.logback.core.subst.Parser.E(Parser.java:62)
		at ch.qos.logback.core.subst.Parser.Eopt(Parser.java:75)
		at ch.qos.logback.core.subst.Parser.E(Parser.java:62)
		at ch.qos.logback.core.subst.Parser.parse(Parser.java:54)
		at ch.qos.logback.core.subst.NodeToStringTransformer.tokenizeAndParseString(NodeToStringTransformer.java:59)
		at ch.qos.logback.core.subst.NodeToStringTransformer.handleVariable(NodeToStringTransformer.java:102)
		at ch.qos.logback.core.subst.NodeToStringTransformer.compileNode(NodeToStringTransformer.java:77)
		at ch.qos.logback.core.subst.NodeToStringTransformer.transform(NodeToStringTransformer.java:64)
		at ch.qos.logback.core.subst.NodeToStringTransformer.substituteVariable(NodeToStringTransformer.java:52)
		at ch.qos.logback.core.util.OptionHelper.substVars(OptionHelper.java:112)
		at ch.qos.logback.core.model.processor.ModelInterpretationContext.subst(ModelInterpretationContext.java:158)
		at ch.qos.logback.core.model.processor.ImplicitModelHandler.doBasicProperty(ImplicitModelHandler.java:105)
		at ch.qos.logback.core.model.processor.ImplicitModelHandler.handle(ImplicitModelHandler.java:86)
		at ch.qos.logback.core.model.processor.DefaultProcessor.secondPhaseTraverse(DefaultProcessor.java:241)
		at ch.qos.logback.core.model.processor.DefaultProcessor.secondPhaseTraverse(DefaultProcessor.java:253)
		at ch.qos.logback.core.model.processor.DefaultProcessor.secondPhaseTraverse(DefaultProcessor.java:253)
		at ch.qos.logback.core.model.processor.DefaultProcessor.secondPhaseTraverse(DefaultProcessor.java:253)
		at ch.qos.logback.core.model.processor.DefaultProcessor.traversalLoop(DefaultProcessor.java:90)
		at ch.qos.logback.core.model.processor.DefaultProcessor.process(DefaultProcessor.java:106)
		at ch.qos.logback.core.joran.GenericXMLConfigurator.processModel(GenericXMLConfigurator.java:208)
		at org.springframework.boot.logging.logback.SpringBootJoranConfigurator.processModel(SpringBootJoranConfigurator.java:122)
		at ch.qos.logback.core.joran.GenericXMLConfigurator.doConfigure(GenericXMLConfigurator.java:170)
		at ch.qos.logback.core.joran.GenericXMLConfigurator.doConfigure(GenericXMLConfigurator.java:122)
		at ch.qos.logback.core.joran.GenericXMLConfigurator.doConfigure(GenericXMLConfigurator.java:65)
		at org.springframework.boot.logging.logback.LogbackLoggingSystem.configureByResourceUrl(LogbackLoggingSystem.java:287)
		at org.springframework.boot.logging.logback.LogbackLoggingSystem.lambda$loadConfiguration$1(LogbackLoggingSystem.java:249)
		at org.springframework.boot.logging.logback.LogbackLoggingSystem.withLoggingSuppressed(LogbackLoggingSystem.java:467)
		at org.springframework.boot.logging.logback.LogbackLoggingSystem.loadConfiguration(LogbackLoggingSystem.java:244)
		... 23 common frames omitted
${CONSOLE_LOG_PATTERN}java.lang.IllegalStateException: java.lang.IllegalStateException: Logback configuration error detected: 
ERROR in ch.qos.logback.core.model.processor.ModelInterpretationContext@3081f72c - Problem while parsing [%d{yyyy-MM-dd HH:mm:ss.SSS} %5p [${spring.application.name:},%X{traceId:-},%X{spanId:-}] %m%n] java.lang.IllegalArgumentException: All tokens consumed but was expecting "}"
ERROR in ch.qos.logback.core.model.processor.ModelInterpretationContext@3081f72c - Problem while parsing [${CONSOLE_LOG_PATTERN}] java.lang.IllegalArgumentException: All tokens consumed but was expecting "}"
ERROR in ch.qos.logback.core.model.processor.ModelInterpretationContext@3081f72c - Problem while parsing [${CONSOLE_LOG_PATTERN}] java.lang.IllegalArgumentException: All tokens consumed but was expecting "}"
	at org.springframework.boot.context.logging.LoggingApplicationListener.initializeSystem(LoggingApplicationListener.java:347)
	at org.springframework.boot.context.logging.LoggingApplicationListener.initialize(LoggingApplicationListener.java:298)
	at org.springframework.boot.context.logging.LoggingApplicationListener.onApplicationEnvironmentPreparedEvent(LoggingApplicationListener.java:246)
	at org.springframework.boot.context.logging.LoggingApplicationListener.onApplicationEvent(LoggingApplicationListener.java:223)
	at org.springframework.context.event.SimpleApplicationEventMulticaster.doInvokeListener(SimpleApplicationEventMulticaster.java:178)
	at org.springframework.context.event.SimpleApplicationEventMulticaster.invokeListener(SimpleApplicationEventMulticaster.java:171)
	at org.springframework.context.event.SimpleApplicationEventMulticaster.multicastEvent(SimpleApplicationEventMulticaster.java:149)
	at org.springframework.context.event.SimpleApplicationEventMulticaster.multicastEvent(SimpleApplicationEventMulticaster.java:137)
	at org.springframework.boot.context.event.EventPublishingRunListener.multicastInitialEvent(EventPublishingRunListener.java:136)
	at org.springframework.boot.context.event.EventPublishingRunListener.environmentPrepared(EventPublishingRunListener.java:81)
	at org.springframework.boot.SpringApplicationRunListeners.lambda$environmentPrepared$2(SpringApplicationRunListeners.java:64)
	at java.base/java.lang.Iterable.forEach(Iterable.java:75)
	at org.springframework.boot.SpringApplicationRunListeners.doWithListeners(SpringApplicationRunListeners.java:118)
	at org.springframework.boot.SpringApplicationRunListeners.doWithListeners(SpringApplicationRunListeners.java:112)
	at org.springframework.boot.SpringApplicationRunListeners.environmentPrepared(SpringApplicationRunListeners.java:63)
	at org.springframework.boot.SpringApplication.prepareEnvironment(SpringApplication.java:366)
	at org.springframework.boot.SpringApplication.run(SpringApplication.java:318)
	at org.springframework.boot.SpringApplication.run(SpringApplication.java:1342)
	at org.springframework.boot.SpringApplication.run(SpringApplication.java:1331)
	at com.distributed.demo2.Demo2Application.main(Demo2Application.java:10)
Caused by: java.lang.IllegalStateException: Logback configuration error detected: 
ERROR in ch.qos.logback.core.model.processor.ModelInterpretationContext@3081f72c - Problem while parsing [%d{yyyy-MM-dd HH:mm:ss.SSS} %5p [${spring.application.name:},%X{traceId:-},%X{spanId:-}] %m%n] java.lang.IllegalArgumentException: All tokens consumed but was expecting "}"
ERROR in ch.qos.logback.core.model.processor.ModelInterpretationContext@3081f72c - Problem while parsing [${CONSOLE_LOG_PATTERN}] java.lang.IllegalArgumentException: All tokens consumed but was expecting "}"
ERROR in ch.qos.logback.core.model.processor.ModelInterpretationContext@3081f72c - Problem while parsing [${CONSOLE_LOG_PATTERN}] java.lang.IllegalArgumentException: All tokens consumed but was expecting "}"
	at org.springframework.boot.logging.logback.LogbackLoggingSystem.reportConfigurationErrorsIfNecessary(LogbackLoggingSystem.java:277)
	at org.springframework.boot.logging.logback.LogbackLoggingSystem.loadConfiguration(LogbackLoggingSystem.java:255)
	at org.springframework.boot.logging.AbstractLoggingSystem.initializeWithConventions(AbstractLoggingSystem.java:81)
	at org.springframework.boot.logging.AbstractLoggingSystem.initialize(AbstractLoggingSystem.java:61)
	at org.springframework.boot.logging.logback.LogbackLoggingSystem.initialize(LogbackLoggingSystem.java:189)
	at org.springframework.boot.context.logging.LoggingApplicationListener.initializeSystem(LoggingApplicationListener.java:332)
	... 19 common frames omitted
	Suppressed: java.lang.IllegalArgumentException: All tokens consumed but was expecting "}"
		at ch.qos.logback.core.subst.Parser.expectNotNull(Parser.java:160)
		at ch.qos.logback.core.subst.Parser.expectCurlyRight(Parser.java:165)
		at ch.qos.logback.core.subst.Parser.T(Parser.java:103)
		at ch.qos.logback.core.subst.Parser.E(Parser.java:58)
		at ch.qos.logback.core.subst.Parser.Eopt(Parser.java:75)
		at ch.qos.logback.core.subst.Parser.E(Parser.java:62)
		at ch.qos.logback.core.subst.Parser.Eopt(Parser.java:75)
		at ch.qos.logback.core.subst.Parser.E(Parser.java:62)
		at ch.qos.logback.core.subst.Parser.Eopt(Parser.java:75)
		at ch.qos.logback.core.subst.Parser.E(Parser.java:62)
		at ch.qos.logback.core.subst.Parser.parse(Parser.java:54)
		at ch.qos.logback.core.subst.NodeToStringTransformer.tokenizeAndParseString(NodeToStringTransformer.java:59)
		at ch.qos.logback.core.subst.NodeToStringTransformer.substituteVariable(NodeToStringTransformer.java:50)
		at ch.qos.logback.core.util.OptionHelper.substVars(OptionHelper.java:112)
		at ch.qos.logback.core.model.processor.ModelInterpretationContext.subst(ModelInterpretationContext.java:158)
		at ch.qos.logback.core.model.processor.PropertyModelHandler.handle(PropertyModelHandler.java:76)
		at ch.qos.logback.core.model.processor.DefaultProcessor.mainTraverse(DefaultProcessor.java:203)
		at ch.qos.logback.core.model.processor.DefaultProcessor.mainTraverse(DefaultProcessor.java:211)
		at ch.qos.logback.core.model.processor.DefaultProcessor.process(DefaultProcessor.java:104)
		at ch.qos.logback.core.joran.GenericXMLConfigurator.processModel(GenericXMLConfigurator.java:208)
		at org.springframework.boot.logging.logback.SpringBootJoranConfigurator.processModel(SpringBootJoranConfigurator.java:122)
		at ch.qos.logback.core.joran.GenericXMLConfigurator.doConfigure(GenericXMLConfigurator.java:170)
		at ch.qos.logback.core.joran.GenericXMLConfigurator.doConfigure(GenericXMLConfigurator.java:122)
		at ch.qos.logback.core.joran.GenericXMLConfigurator.doConfigure(GenericXMLConfigurator.java:65)
		at org.springframework.boot.logging.logback.LogbackLoggingSystem.configureByResourceUrl(LogbackLoggingSystem.java:287)
		at org.springframework.boot.logging.logback.LogbackLoggingSystem.lambda$loadConfiguration$1(LogbackLoggingSystem.java:249)
		at org.springframework.boot.logging.logback.LogbackLoggingSystem.withLoggingSuppressed(LogbackLoggingSystem.java:467)
		at org.springframework.boot.logging.logback.LogbackLoggingSystem.loadConfiguration(LogbackLoggingSystem.java:244)
		... 23 common frames omitted
	Suppressed: java.lang.IllegalArgumentException: All tokens consumed but was expecting "}"
		at ch.qos.logback.core.subst.Parser.expectNotNull(Parser.java:160)
		at ch.qos.logback.core.subst.Parser.expectCurlyRight(Parser.java:165)
		at ch.qos.logback.core.subst.Parser.T(Parser.java:103)
		at ch.qos.logback.core.subst.Parser.E(Parser.java:58)
		at ch.qos.logback.core.subst.Parser.Eopt(Parser.java:75)
		at ch.qos.logback.core.subst.Parser.E(Parser.java:62)
		at ch.qos.logback.core.subst.Parser.Eopt(Parser.java:75)
		at ch.qos.logback.core.subst.Parser.E(Parser.java:62)
		at ch.qos.logback.core.subst.Parser.Eopt(Parser.java:75)
		at ch.qos.logback.core.subst.Parser.E(Parser.java:62)
		at ch.qos.logback.core.subst.Parser.parse(Parser.java:54)
		at ch.qos.logback.core.subst.NodeToStringTransformer.tokenizeAndParseString(NodeToStringTransformer.java:59)
		at ch.qos.logback.core.subst.NodeToStringTransformer.handleVariable(NodeToStringTransformer.java:102)
		at ch.qos.logback.core.subst.NodeToStringTransformer.compileNode(NodeToStringTransformer.java:77)
		at ch.qos.logback.core.subst.NodeToStringTransformer.transform(NodeToStringTransformer.java:64)
		at ch.qos.logback.core.subst.NodeToStringTransformer.substituteVariable(NodeToStringTransformer.java:52)
		at ch.qos.logback.core.util.OptionHelper.substVars(OptionHelper.java:112)
		at ch.qos.logback.core.model.processor.ModelInterpretationContext.subst(ModelInterpretationContext.java:158)
		at ch.qos.logback.core.model.processor.ImplicitModelHandler.doBasicProperty(ImplicitModelHandler.java:105)
		at ch.qos.logback.core.model.processor.ImplicitModelHandler.handle(ImplicitModelHandler.java:86)
		at ch.qos.logback.core.model.processor.DefaultProcessor.secondPhaseTraverse(DefaultProcessor.java:241)
		at ch.qos.logback.core.model.processor.DefaultProcessor.secondPhaseTraverse(DefaultProcessor.java:253)
		at ch.qos.logback.core.model.processor.DefaultProcessor.secondPhaseTraverse(DefaultProcessor.java:253)
		at ch.qos.logback.core.model.processor.DefaultProcessor.secondPhaseTraverse(DefaultProcessor.java:253)
		at ch.qos.logback.core.model.processor.DefaultProcessor.traversalLoop(DefaultProcessor.java:90)
		at ch.qos.logback.core.model.processor.DefaultProcessor.process(DefaultProcessor.java:106)
		at ch.qos.logback.core.joran.GenericXMLConfigurator.processModel(GenericXMLConfigurator.java:208)
		at org.springframework.boot.logging.logback.SpringBootJoranConfigurator.processModel(SpringBootJoranConfigurator.java:122)
		at ch.qos.logback.core.joran.GenericXMLConfigurator.doConfigure(GenericXMLConfigurator.java:170)
		at ch.qos.logback.core.joran.GenericXMLConfigurator.doConfigure(GenericXMLConfigurator.java:122)
		at ch.qos.logback.core.joran.GenericXMLConfigurator.doConfigure(GenericXMLConfigurator.java:65)
		at org.springframework.boot.logging.logback.LogbackLoggingSystem.configureByResourceUrl(LogbackLoggingSystem.java:287)
		at org.springframework.boot.logging.logback.LogbackLoggingSystem.lambda$loadConfiguration$1(LogbackLoggingSystem.java:249)
		at org.springframework.boot.logging.logback.LogbackLoggingSystem.withLoggingSuppressed(LogbackLoggingSystem.java:467)
		at org.springframework.boot.logging.logback.LogbackLoggingSystem.loadConfiguration(LogbackLoggingSystem.java:244)
		... 23 common frames omitted
	Suppressed: java.lang.IllegalArgumentException: All tokens consumed but was expecting "}"
		at ch.qos.logback.core.subst.Parser.expectNotNull(Parser.java:160)
		at ch.qos.logback.core.subst.Parser.expectCurlyRight(Parser.java:165)
		at ch.qos.logback.core.subst.Parser.T(Parser.java:103)
		at ch.qos.logback.core.subst.Parser.E(Parser.java:58)
		at ch.qos.logback.core.subst.Parser.Eopt(Parser.java:75)
		at ch.qos.logback.core.subst.Parser.E(Parser.java:62)
		at ch.qos.logback.core.subst.Parser.Eopt(Parser.java:75)
		at ch.qos.logback.core.subst.Parser.E(Parser.java:62)
		at ch.qos.logback.core.subst.Parser.Eopt(Parser.java:75)
		at ch.qos.logback.core.subst.Parser.E(Parser.java:62)
		at ch.qos.logback.core.subst.Parser.parse(Parser.java:54)
		at ch.qos.logback.core.subst.NodeToStringTransformer.tokenizeAndParseString(NodeToStringTransformer.java:59)
		at ch.qos.logback.core.subst.NodeToStringTransformer.handleVariable(NodeToStringTransformer.java:102)
		at ch.qos.logback.core.subst.NodeToStringTransformer.compileNode(NodeToStringTransformer.java:77)
		at ch.qos.logback.core.subst.NodeToStringTransformer.transform(NodeToStringTransformer.java:64)
		at ch.qos.logback.core.subst.NodeToStringTransformer.substituteVariable(NodeToStringTransformer.java:52)
		at ch.qos.logback.core.util.OptionHelper.substVars(OptionHelper.java:112)
		at ch.qos.logback.core.model.processor.ModelInterpretationContext.subst(ModelInterpretationContext.java:158)
		at ch.qos.logback.core.model.processor.ImplicitModelHandler.doBasicProperty(ImplicitModelHandler.java:105)
		at ch.qos.logback.core.model.processor.ImplicitModelHandler.handle(ImplicitModelHandler.java:86)
		at ch.qos.logback.core.model.processor.DefaultProcessor.secondPhaseTraverse(DefaultProcessor.java:241)
		at ch.qos.logback.core.model.processor.DefaultProcessor.secondPhaseTraverse(DefaultProcessor.java:253)
		at ch.qos.logback.core.model.processor.DefaultProcessor.secondPhaseTraverse(DefaultProcessor.java:253)
		at ch.qos.logback.core.model.processor.DefaultProcessor.secondPhaseTraverse(DefaultProcessor.java:253)
		at ch.qos.logback.core.model.processor.DefaultProcessor.traversalLoop(DefaultProcessor.java:90)
		at ch.qos.logback.core.model.processor.DefaultProcessor.process(DefaultProcessor.java:106)
		at ch.qos.logback.core.joran.GenericXMLConfigurator.processModel(GenericXMLConfigurator.java:208)
		at org.springframework.boot.logging.logback.SpringBootJoranConfigurator.processModel(SpringBootJoranConfigurator.java:122)
		at ch.qos.logback.core.joran.GenericXMLConfigurator.doConfigure(GenericXMLConfigurator.java:170)
		at ch.qos.logback.core.joran.GenericXMLConfigurator.doConfigure(GenericXMLConfigurator.java:122)
		at ch.qos.logback.core.joran.GenericXMLConfigurator.doConfigure(GenericXMLConfigurator.java:65)
		at org.springframework.boot.logging.logback.LogbackLoggingSystem.configureByResourceUrl(LogbackLoggingSystem.java:287)
		at org.springframework.boot.logging.logback.LogbackLoggingSystem.lambda$loadConfiguration$1(LogbackLoggingSystem.java:249)
		at org.springframework.boot.logging.logback.LogbackLoggingSystem.withLoggingSuppressed(LogbackLoggingSystem.java:467)
		at org.springframework.boot.logging.logback.LogbackLoggingSystem.loadConfiguration(LogbackLoggingSystem.java:244)
		... 23 common frames omitted
2023-12-10 14:09:36.086  INFO [APP_NAME=tracing-demo2-service, TRACE_ID=, SPAN_ID=] Starting Demo2Application using Java 21.0.1 with PID 13658 (/Users/laxuanlinh/Projects/distributed-tracing/demo2/target/classes started by laxuanlinh in /Users/laxuanlinh/Projects/distributed-tracing/demo2)
2023-12-10 14:09:36.087  INFO [APP_NAME=tracing-demo2-service, TRACE_ID=, SPAN_ID=] No active profile set, falling back to 1 default profile: "default"
2023-12-10 14:09:36.745  INFO [APP_NAME=tracing-demo2-service, TRACE_ID=, SPAN_ID=] Tomcat initialized with port 8081 (http)
2023-12-10 14:09:36.749  INFO [APP_NAME=tracing-demo2-service, TRACE_ID=, SPAN_ID=] Starting service [Tomcat]
2023-12-10 14:09:36.750  INFO [APP_NAME=tracing-demo2-service, TRACE_ID=, SPAN_ID=] Starting Servlet engine: [Apache Tomcat/10.1.16]
2023-12-10 14:09:36.774  INFO [APP_NAME=tracing-demo2-service, TRACE_ID=, SPAN_ID=] Initializing Spring embedded WebApplicationContext
2023-12-10 14:09:36.774  INFO [APP_NAME=tracing-demo2-service, TRACE_ID=, SPAN_ID=] Root WebApplicationContext: initialization completed in 664 ms
2023-12-10 14:09:37.092  INFO [APP_NAME=tracing-demo2-service, TRACE_ID=, SPAN_ID=] Exposing 1 endpoint(s) beneath base path '/actuator'
2023-12-10 14:09:37.127  INFO [APP_NAME=tracing-demo2-service, TRACE_ID=, SPAN_ID=] Tomcat started on port 8081 (http) with context path ''
2023-12-10 14:09:37.136  INFO [APP_NAME=tracing-demo2-service, TRACE_ID=, SPAN_ID=] Started Demo2Application in 1.346 seconds (process running for 1.567)
2023-12-10 14:09:43.228  INFO [APP_NAME=tracing-demo2-service, TRACE_ID=, SPAN_ID=] Initializing Spring DispatcherServlet 'dispatcherServlet'
2023-12-10 14:09:43.228  INFO [APP_NAME=tracing-demo2-service, TRACE_ID=, SPAN_ID=] Initializing Servlet 'dispatcherServlet'
2023-12-10 14:09:43.229  INFO [APP_NAME=tracing-demo2-service, TRACE_ID=, SPAN_ID=] Completed initialization in 1 ms
2023-12-10 14:09:43.249  INFO [APP_NAME=tracing-demo2-service, TRACE_ID=65755627d08e226fb86b754ca68ad495, SPAN_ID=5e0516ef86d1e44c] Receiving request
2023-12-10 14:11:24.625  INFO [APP_NAME=tracing-demo2-service, TRACE_ID=6575568c846afee441e74381f351cd04, SPAN_ID=a9642a557c4224e5] Receiving request
2023-12-10 14:11:49.410  INFO [APP_NAME=tracing-demo2-service, TRACE_ID=, SPAN_ID=] Starting Demo2Application using Java 21.0.1 with PID 13685 (/Users/laxuanlinh/Projects/distributed-tracing/demo2/target/classes started by laxuanlinh in /Users/laxuanlinh/Projects/distributed-tracing/demo2)
2023-12-10 14:11:49.411  INFO [APP_NAME=tracing-demo2-service, TRACE_ID=, SPAN_ID=] No active profile set, falling back to 1 default profile: "default"
2023-12-10 14:11:49.947  INFO [APP_NAME=tracing-demo2-service, TRACE_ID=, SPAN_ID=] Tomcat initialized with port 8081 (http)
2023-12-10 14:11:49.952  INFO [APP_NAME=tracing-demo2-service, TRACE_ID=, SPAN_ID=] Starting service [Tomcat]
2023-12-10 14:11:49.952  INFO [APP_NAME=tracing-demo2-service, TRACE_ID=, SPAN_ID=] Starting Servlet engine: [Apache Tomcat/10.1.16]
2023-12-10 14:11:49.975  INFO [APP_NAME=tracing-demo2-service, TRACE_ID=, SPAN_ID=] Initializing Spring embedded WebApplicationContext
2023-12-10 14:11:49.976  INFO [APP_NAME=tracing-demo2-service, TRACE_ID=, SPAN_ID=] Root WebApplicationContext: initialization completed in 545 ms
2023-12-10 14:11:50.243  INFO [APP_NAME=tracing-demo2-service, TRACE_ID=, SPAN_ID=] Exposing 1 endpoint(s) beneath base path '/actuator'
2023-12-10 14:11:50.269  INFO [APP_NAME=tracing-demo2-service, TRACE_ID=, SPAN_ID=] Tomcat started on port 8081 (http) with context path ''
2023-12-10 14:11:50.281  INFO [APP_NAME=tracing-demo2-service, TRACE_ID=, SPAN_ID=] Started Demo2Application in 1.149 seconds (process running for 1.382)
2023-12-10 14:12:22.066  INFO [APP_NAME=tracing-demo2-service, TRACE_ID=, SPAN_ID=] Initializing Spring DispatcherServlet 'dispatcherServlet'
2023-12-10 14:12:22.066  INFO [APP_NAME=tracing-demo2-service, TRACE_ID=, SPAN_ID=] Initializing Servlet 'dispatcherServlet'
2023-12-10 14:12:22.067  INFO [APP_NAME=tracing-demo2-service, TRACE_ID=, SPAN_ID=] Completed initialization in 1 ms
2023-12-10 14:12:22.083  INFO [APP_NAME=tracing-demo2-service, TRACE_ID=657556c6609279dca934c069b9482c33, SPAN_ID=fdb2e1274d13bfd9] Receiving request from Service Demo 1
